[debug] [2020-03-13T22:40:23.720Z] ----------------------------------------------------------------------
[debug] [2020-03-13T22:40:23.723Z] Command:       C:\Program Files\nodejs\node.exe C:\Users\A\AppData\Roaming\npm\node_modules\firebase-tools\lib\bin\firebase.js deploy --only hosting:gorecrute
[debug] [2020-03-13T22:40:23.724Z] CLI Version:   7.15.0
[debug] [2020-03-13T22:40:23.724Z] Platform:      win32
[debug] [2020-03-13T22:40:23.724Z] Node Version:  v10.16.3
[debug] [2020-03-13T22:40:23.726Z] Time:          Fri Mar 13 2020 23:40:23 GMT+0100 (GMT+01:00)
[debug] [2020-03-13T22:40:23.726Z] ----------------------------------------------------------------------
[debug] [2020-03-13T22:40:23.726Z] 
[debug] [2020-03-13T22:40:23.740Z] > command requires scopes: ["email","openid","https://www.googleapis.com/auth/cloudplatformprojects.readonly","https://www.googleapis.com/auth/firebase","https://www.googleapis.com/auth/cloud-platform"]
[debug] [2020-03-13T22:40:23.740Z] > authorizing via signed-in user
[debug] [2020-03-13T22:40:23.740Z] [iam] checking project java-653a9 for permissions ["firebase.projects.get","firebasehosting.sites.update"]
[debug] [2020-03-13T22:40:23.743Z] >>> HTTP REQUEST POST https://cloudresourcemanager.googleapis.com/v1/projects/java-653a9:testIamPermissions  

[debug] [2020-03-13T22:40:25.098Z] <<< HTTP RESPONSE 200
[debug] [2020-03-13T22:40:25.100Z] >>> HTTP REQUEST GET https://firebase.googleapis.com/v1beta1/projects/java-653a9  
 
[debug] [2020-03-13T22:40:25.671Z] <<< HTTP RESPONSE 200
[info] 
[info] === Deploying to 'java-653a9'...
[info] 
[info] i  deploying hosting
[info] 
[info] +  Deploy complete!
[info] 
[info] Project Console: https://console.firebase.google.com/project/java-653a9/overview
[debug] [2020-03-13T22:40:26.124Z] TypeError: Cannot read property 'deploys' of undefined
    at C:\Users\A\AppData\Roaming\npm\node_modules\firebase-tools\lib\deploy\index.js:84:36
    at process._tickCallback (internal/process/next_tick.js:68:7)
[error] 
[error] Error: An unexpected error has occurred.
